[    0.000000] Linux version 4.15.0-194-generic (buildd@lcy02-amd64-052) (gcc version 7.5.0 (Ubuntu 7.5.0-3ubuntu1~18.04)) #205-Ubuntu SMP Fri Sep 16 19:49:27 UTC 2022 (Ubuntu 4.15.0-194.205-generic 4.15.18)
[    0.000000] Command line: BOOT_IMAGE=/boot/vmlinuz-4.15.0-194-generic root=LABEL=cloudimg-rootfs ro console=tty1 console=ttyS0
[    0.000000] KERNEL supported cpus:
[    0.000000]   Intel GenuineIntel
[    0.000000]   AMD AuthenticAMD
[    0.000000]   Centaur CentaurHauls
[    0.000000] x86/fpu: Supporting XSAVE feature 0x001: 'x87 floating point registers'
[    0.000000] x86/fpu: Supporting XSAVE feature 0x002: 'SSE registers'
[    0.000000] x86/fpu: Supporting XSAVE feature 0x004: 'AVX registers'
[    0.000000] x86/fpu: xstate_offset[2]:  576, xstate_sizes[2]:  256
[    0.000000] x86/fpu: Enabled xstate features 0x7, context size is 832 bytes, using 'standard' format.
[    0.000000] e820: BIOS-provided physical RAM map:
[    0.000000] BIOS-e820: [mem 0x0000000000000000-0x000000000009fbff] usable
[    0.000000] BIOS-e820: [mem 0x000000000009fc00-0x000000000009ffff] reserved
[    0.000000] BIOS-e820: [mem 0x00000000000f0000-0x00000000000fffff] reserved
[    0.000000] BIOS-e820: [mem 0x0000000000100000-0x000000003ffeffff] usable
[    0.000000] BIOS-e820: [mem 0x000000003fff0000-0x000000003fffffff] ACPI data
[    0.000000] BIOS-e820: [mem 0x00000000fec00000-0x00000000fec00fff] reserved
[    0.000000] BIOS-e820: [mem 0x00000000fee00000-0x00000000fee00fff] reserved
[    0.000000] BIOS-e820: [mem 0x00000000fffc0000-0x00000000ffffffff] reserved
[    0.000000] NX (Execute Disable) protection: active
[    0.000000] SMBIOS 2.5 present.
[    0.000000] DMI: innotek GmbH VirtualBox/VirtualBox, BIOS VirtualBox 12/01/2006
[    0.000000] Hypervisor detected: KVM
[    0.000000] e820: last_pfn = 0x3fff0 max_arch_pfn = 0x400000000
[    0.000000] MTRR: Disabled
[    0.000000] x86/PAT: MTRRs disabled, skipping PAT initialization too.
[    0.000000] CPU MTRRs all blank - virtualized system.
[    0.000000] x86/PAT: Configuration [0-7]: WB  WT  UC- UC  WB  WT  UC- UC  
[    0.000000] found SMP MP-table at [mem 0x0009fff0-0x0009ffff]
[    0.000000] Scanning 1 areas for low memory corruption
[    0.000000] RAMDISK: [mem 0x359cb000-0x36cdcfff]
[    0.000000] ACPI: Early table checksum verification disabled
[    0.000000] ACPI: RSDP 0x00000000000E0000 000024 (v02 VBOX  )
[    0.000000] ACPI: XSDT 0x000000003FFF0030 00003C (v01 VBOX   VBOXXSDT 00000001 ASL  00000061)
[    0.000000] ACPI: FACP 0x000000003FFF00F0 0000F4 (v04 VBOX   VBOXFACP 00000001 ASL  00000061)
[    0.000000] ACPI: DSDT 0x000000003FFF0610 002353 (v02 VBOX   VBOXBIOS 00000002 INTL 20200528)
[    0.000000] ACPI: FACS 0x000000003FFF0200 000040
[    0.000000] ACPI: FACS 0x000000003FFF0200 000040
[    0.000000] ACPI: APIC 0x000000003FFF0240 00005C (v02 VBOX   VBOXAPIC 00000001 ASL  00000061)
[    0.000000] ACPI: SSDT 0x000000003FFF02A0 00036C (v01 VBOX   VBOXCPUT 00000002 INTL 20200528)
[    0.000000] ACPI: Reserving FACP table memory at [mem 0x3fff00f0-0x3fff01e3]
[    0.000000] ACPI: Reserving DSDT table memory at [mem 0x3fff0610-0x3fff2962]
[    0.000000] ACPI: Reserving FACS table memory at [mem 0x3fff0200-0x3fff023f]
[    0.000000] ACPI: Reserving FACS table memory at [mem 0x3fff0200-0x3fff023f]
[    0.000000] ACPI: Reserving APIC table memory at [mem 0x3fff0240-0x3fff029b]
[    0.000000] ACPI: Reserving SSDT table memory at [mem 0x3fff02a0-0x3fff060b]
[    0.000000] No NUMA configuration found
[    0.000000] Faking a node at [mem 0x0000000000000000-0x000000003ffeffff]
[    0.000000] NODE_DATA(0) allocated [mem 0x3ffc5000-0x3ffeffff]
[    0.000000] kvm-clock: cpu 0, msr 0:3ff44001, primary cpu clock
[    0.000000] kvm-clock: Using msrs 4b564d01 and 4b564d00
[    0.000000] kvm-clock: using sched offset of 3469882173 cycles
[    0.000000] clocksource: kvm-clock: mask: 0xffffffffffffffff max_cycles: 0x1cd42e4dffb, max_idle_ns: 881590591483 ns
[    0.000000] Zone ranges:
[    0.000000]   DMA      [mem 0x0000000000001000-0x0000000000ffffff]
[    0.000000]   DMA32    [mem 0x0000000001000000-0x000000003ffeffff]
[    0.000000]   Normal   empty
[    0.000000]   Device   empty
[    0.000000] Movable zone start for each node
[    0.000000] Early memory node ranges
[    0.000000]   node   0: [mem 0x0000000000001000-0x000000000009efff]
[    0.000000]   node   0: [mem 0x0000000000100000-0x000000003ffeffff]
[    0.000000] Reserved but unavailable: 104 pages
[    0.000000] Initmem setup node 0 [mem 0x0000000000001000-0x000000003ffeffff]
[    0.000000] ACPI: PM-Timer IO Port: 0x4008
[    0.000000] IOAPIC[0]: apic_id 2, version 32, address 0xfec00000, GSI 0-23
[    0.000000] ACPI: INT_SRC_OVR (bus 0 bus_irq 0 global_irq 2 dfl dfl)
[    0.000000] ACPI: INT_SRC_OVR (bus 0 bus_irq 9 global_irq 9 low level)
[    0.000000] Using ACPI (MADT) for SMP configuration information
[    0.000000] smpboot: Allowing 2 CPUs, 0 hotplug CPUs
[    0.000000] PM: Registered nosave memory: [mem 0x00000000-0x00000fff]
[    0.000000] PM: Registered nosave memory: [mem 0x0009f000-0x0009ffff]
[    0.000000] PM: Registered nosave memory: [mem 0x000a0000-0x000effff]
[    0.000000] PM: Registered nosave memory: [mem 0x000f0000-0x000fffff]
[    0.000000] e820: [mem 0x40000000-0xfebfffff] available for PCI devices
[    0.000000] Booting paravirtualized kernel on KVM
[    0.000000] clocksource: refined-jiffies: mask: 0xffffffff max_cycles: 0xffffffff, max_idle_ns: 7645519600211568 ns
[    0.000000] setup_percpu: NR_CPUS:8192 nr_cpumask_bits:2 nr_cpu_ids:2 nr_node_ids:1
[    0.000000] percpu: Embedded 50 pages/cpu s167936 r8192 d28672 u1048576
[    0.000000] PV qspinlock hash table entries: 256 (order: 0, 4096 bytes)
[    0.000000] Built 1 zonelists, mobility grouping on.  Total pages: 257913
[    0.000000] Policy zone: DMA32
[    0.000000] Kernel command line: BOOT_IMAGE=/boot/vmlinuz-4.15.0-194-generic root=LABEL=cloudimg-rootfs ro console=tty1 console=ttyS0
[    0.000000] Memory: 982652K/1048120K available (12300K kernel code, 2477K rwdata, 4320K rodata, 2472K init, 2720K bss, 65468K reserved, 0K cma-reserved)
[    0.000000] SLUB: HWalign=64, Order=0-3, MinObjects=0, CPUs=2, Nodes=1
[    0.000000] Kernel/User page tables isolation: enabled
[    0.000000] ftrace: allocating 39477 entries in 155 pages
[    0.004000] Hierarchical RCU implementation.
[    0.004000] 	RCU restricting CPUs from NR_CPUS=8192 to nr_cpu_ids=2.
[    0.004000] 	Tasks RCU enabled.
[    0.004000] RCU: Adjusting geometry for rcu_fanout_leaf=16, nr_cpu_ids=2
[    0.004000] NR_IRQS: 524544, nr_irqs: 440, preallocated irqs: 16
[    0.004000] random: crng init done
[    0.004000] Console: colour VGA+ 80x25
[    0.004000] console [tty1] enabled
[    0.004000] console [ttyS0] enabled
[    0.004000] ACPI: Core revision 20170831
[    0.004000] ACPI: 2 ACPI AML tables successfully acquired and loaded
[    0.004000] APIC: Switch to symmetric I/O mode setup
[    0.004649] x2apic enabled
[    0.007971] Switched APIC routing to physical x2apic.
[    0.012000] ..TIMER: vector=0x30 apic1=0 pin1=2 apic2=-1 pin2=-1
[    0.012003] tsc: Detected 1999.456 MHz processor
[    0.016010] Calibrating delay loop (skipped) preset value.. 3998.91 BogoMIPS (lpj=7997824)
[    0.020003] pid_max: default: 32768 minimum: 301
[    0.024042] Security Framework initialized
[    0.026576] Yama: becoming mindful.
[    0.028046] AppArmor: AppArmor initialized
[    0.033620] Dentry cache hash table entries: 131072 (order: 8, 1048576 bytes)
[    0.040311] Inode-cache hash table entries: 65536 (order: 7, 524288 bytes)
[    0.044041] Mount-cache hash table entries: 2048 (order: 2, 16384 bytes)
[    0.048030] Mountpoint-cache hash table entries: 2048 (order: 2, 16384 bytes)
[    0.053439] Last level iTLB entries: 4KB 0, 2MB 0, 4MB 0
[    0.056002] Last level dTLB entries: 4KB 0, 2MB 0, 4MB 0, 1GB 0
[    0.060025] Spectre V1 : Mitigation: usercopy/swapgs barriers and __user pointer sanitization
[    0.064003] Spectre V2 : Mitigation: Retpolines
[    0.068003] Spectre V2 : Spectre v2 / SpectreRSB mitigation: Filling RSB on context switch
[    0.072002] Speculative Store Bypass: Vulnerable
[    0.076109] MDS: Mitigation: Clear CPU buffers
[    0.080002] MMIO Stale Data: Mitigation: Clear CPU buffers
[    0.084019] SRBDS: Unknown: Dependent on hypervisor status
[    0.088179] Freeing SMP alternatives memory: 36K
[    0.206134] APIC calibration not consistent with PM-Timer: 101ms instead of 100ms
[    0.208000] APIC delta adjusted to PM-Timer: 6258577 (6344898)
[    0.208223] smpboot: CPU0: Intel(R) Core(TM) i5-1038NG7 CPU @ 2.00GHz (family: 0x6, model: 0x7e, stepping: 0x5)
[    0.212278] Performance Events: unsupported p6 CPU model 126 no PMU driver, software events only.
[    0.216092] Hierarchical SRCU implementation.
[    0.220690] NMI watchdog: Perf event create on CPU 0 failed with -2
[    0.224003] NMI watchdog: Perf NMI watchdog permanently disabled
[    0.228137] smp: Bringing up secondary CPUs ...
[    0.231226] x86: Booting SMP configuration:
[    0.232003] .... node  #0, CPUs:      #1
[    0.004000] kvm-clock: cpu 1, msr 0:3ff44041, secondary cpu clock
[    0.236088] smp: Brought up 1 node, 2 CPUs
[    0.240008] smpboot: Max logical packages: 1
[    0.242555] smpboot: Total of 2 processors activated (7997.82 BogoMIPS)
[    0.248239] devtmpfs: initialized
[    0.250134] x86/mm: Memory block size: 128MB
[    0.252231] evm: security.selinux
[    0.256002] evm: security.SMACK64
[    0.258102] evm: security.SMACK64EXEC
[    0.260033] evm: security.SMACK64TRANSMUTE
[    0.262510] evm: security.SMACK64MMAP
[    0.264002] evm: security.apparmor
[    0.266096] evm: security.ima
[    0.268003] evm: security.capability
[    0.272235] clocksource: jiffies: mask: 0xffffffff max_cycles: 0xffffffff, max_idle_ns: 7645041785100000 ns
[    0.276009] futex hash table entries: 512 (order: 3, 32768 bytes)
[    0.280113] pinctrl core: initialized pinctrl subsystem
[    0.288003] RTC time: 10:47:48, date: 10/22/22
[    0.291389] NET: Registered protocol family 16
[    0.292083] audit: initializing netlink subsys (disabled)
[    0.296082] audit: type=2000 audit(1666435672.864:1): state=initialized audit_enabled=0 res=1
[    0.300038] cpuidle: using governor ladder
[    0.302937] cpuidle: using governor menu
[    0.304058] ACPI: bus type PCI registered
[    0.306561] acpiphp: ACPI Hot Plug PCI Controller Driver version: 0.5
[    0.308391] PCI: Using configuration type 1 for base access
[    0.316104] HugeTLB registered 2.00 MiB page size, pre-allocated 0 pages
[    0.320170] ACPI: Added _OSI(Module Device)
[    0.324015] ACPI: Added _OSI(Processor Device)
[    0.324015] ACPI: Added _OSI(3.0 _SCP Extensions)
[    0.324015] ACPI: Added _OSI(Processor Aggregator Device)
[    0.324015] ACPI: Added _OSI(Linux-Dell-Video)
[    0.327032] ACPI: Added _OSI(Linux-Lenovo-NV-HDMI-Audio)
[    0.328000] ACPI: Added _OSI(Linux-HPI-Hybrid-Graphics)
[    0.328702] ACPI: Executed 1 blocks of module-level executable AML code
[    0.332000] ACPI: Interpreter enabled
[    0.336013] ACPI: (supports S0 S5)
[    0.340004] ACPI: Using IOAPIC for interrupt routing
[    0.344398] PCI: Using host bridge windows from ACPI; if necessary, use "pci=nocrs" and report a bug
[    0.344398] ACPI: Enabled 2 GPEs in block 00 to 07
[    0.348000] ACPI: PCI Root Bridge [PCI0] (domain 0000 [bus 00-ff])
[    0.348008] acpi PNP0A03:00: _OSC: OS supports [ASPM ClockPM Segments MSI]
[    0.352000] acpi PNP0A03:00: _OSC: not requesting OS control; OS requires [ExtendedConfig ASPM ClockPM MSI]
[    0.352012] acpi PNP0A03:00: fail to add MMCONFIG information, can't access extended PCI configuration space under this bridge.
[    0.356685] PCI host bridge to bus 0000:00
[    0.360000] pci_bus 0000:00: root bus resource [io  0x0000-0x0cf7 window]
[    0.360004] pci_bus 0000:00: root bus resource [io  0x0d00-0xffff window]
[    0.364000] pci_bus 0000:00: root bus resource [mem 0x000a0000-0x000bffff window]
[    0.368005] pci_bus 0000:00: root bus resource [mem 0x40000000-0xfdffffff window]
[    0.372000] pci_bus 0000:00: root bus resource [bus 00-ff]
[    0.372088] pci 0000:00:01.1: legacy IDE quirk: reg 0x10: [io  0x01f0-0x01f7]
[    0.380003] pci 0000:00:01.1: legacy IDE quirk: reg 0x14: [io  0x03f6]
[    0.384000] pci 0000:00:01.1: legacy IDE quirk: reg 0x18: [io  0x0170-0x0177]
[    0.384000] pci 0000:00:01.1: legacy IDE quirk: reg 0x1c: [io  0x0376]
[    0.432974] pci 0000:00:07.0: quirk: [io  0x4000-0x403f] claimed by PIIX4 ACPI
[    0.440040] pci 0000:00:07.0: quirk: [io  0x4100-0x410f] claimed by PIIX4 SMB
[    0.457937] ACPI: PCI Interrupt Link [LNKA] (IRQs 5 9 10 *11)
[    0.464563] ACPI: PCI Interrupt Link [LNKB] (IRQs 5 9 *10 11)
[    0.472277] ACPI: PCI Interrupt Link [LNKC] (IRQs 5 *9 10 11)
[    0.476000] ACPI: PCI Interrupt Link [LNKD] (IRQs 5 9 10 *11)
[    0.476000] SCSI subsystem initialized
[    0.476109] pci 0000:00:02.0: vgaarb: setting as boot VGA device
[    0.480009] pci 0000:00:02.0: vgaarb: VGA device added: decodes=io+mem,owns=io+mem,locks=none
[    0.484012] pci 0000:00:02.0: vgaarb: bridge control possible
[    0.487842] vgaarb: loaded
[    0.488098] ACPI: bus type USB registered
[    0.496091] usbcore: registered new interface driver usbfs
[    0.500031] usbcore: registered new interface driver hub
[    0.504023] usbcore: registered new device driver usb
[    0.508112] EDAC MC: Ver: 3.0.0
[    0.512708] PCI: Using ACPI for IRQ routing
[    0.520668] NetLabel: Initializing
[    0.524010] NetLabel:  domain hash size = 128
[    0.524010] NetLabel:  protocols = UNLABELED CIPSOv4 CALIPSO
[    0.527864] NetLabel:  unlabeled traffic allowed by default
[    0.528176] clocksource: Switched to clocksource kvm-clock
[    0.536301] VFS: Disk quotas dquot_6.6.0
[    0.556237] VFS: Dquot-cache hash table entries: 512 (order 0, 4096 bytes)
[    0.561423] AppArmor: AppArmor Filesystem Enabled
[    0.564712] pnp: PnP ACPI init
[    0.570192] pnp: PnP ACPI: found 3 devices
[    0.579671] clocksource: acpi_pm: mask: 0xffffff max_cycles: 0xffffff, max_idle_ns: 2085701024 ns
[    0.586134] NET: Registered protocol family 2
[    0.589517] IP idents hash table entries: 16384 (order: 5, 131072 bytes)
[    0.594017] TCP established hash table entries: 8192 (order: 4, 65536 bytes)
[    0.597811] TCP bind hash table entries: 8192 (order: 5, 131072 bytes)
[    0.602980] TCP: Hash tables configured (established 8192 bind 8192)
[    0.606778] UDP hash table entries: 512 (order: 2, 16384 bytes)
[    0.611905] UDP-Lite hash table entries: 512 (order: 2, 16384 bytes)
[    0.615854] NET: Registered protocol family 1
[    0.620167] pci 0000:00:00.0: Limiting direct PCI/PCI transfers
[    0.624285] pci 0000:00:01.0: Activating ISA DMA hang workarounds
[    0.628205] pci 0000:00:02.0: Video device with shadowed ROM at [mem 0x000c0000-0x000dffff]
[    0.634376] Unpacking initramfs...
[    0.964293] Freeing initrd memory: 19528K
[    0.970934] clocksource: tsc: mask: 0xffffffffffffffff max_cycles: 0x39a4595fdf7, max_idle_ns: 881590808390 ns
[    0.978150] platform rtc_cmos: registered platform RTC device (no PNP device found)
[    0.981946] Scanning for low memory corruption every 60 seconds
[    0.988350] Initialise system trusted keyrings
[    0.992071] Key type blacklist registered
[    0.995041] workingset: timestamp_bits=36 max_order=18 bucket_order=0
[    1.000534] zbud: loaded
[    1.003383] squashfs: version 4.0 (2009/01/31) Phillip Lougher
[    1.007465] fuse init (API version 7.26)
[    1.016498] Key type asymmetric registered
[    1.019401] Asymmetric key parser 'x509' registered
[    1.020489] Block layer SCSI generic (bsg) driver version 0.4 loaded (major 246)
[    1.028568] io scheduler noop registered
[    1.031323] io scheduler deadline registered
[    1.032558] io scheduler cfq registered (default)
[    1.039052] ACPI: AC Adapter [AC] (on-line)
[    1.042552] input: Power Button as /devices/LNXSYSTM:00/LNXPWRBN:00/input/input0
[    1.048146] ACPI: Power Button [PWRF]
[    1.051123] input: Sleep Button as /devices/LNXSYSTM:00/LNXSLPBN:00/input/input1
[    1.052141] ACPI: Sleep Button [SLPF]
[    1.061340] Serial: 8250/16550 driver, 32 ports, IRQ sharing enabled
[    1.063330] ACPI: Battery Slot [BAT0] (battery present)
[    1.095162] 00:02: ttyS0 at I/O 0x3f8 (irq = 4, base_baud = 115200) is a 16550A
[    1.102540] Linux agpgart interface v0.103
[    1.109878] loop: module loaded
[    1.114279] scsi host0: ata_piix
[    1.117355] scsi host1: ata_piix
[    1.120150] ata1: PATA max UDMA/33 cmd 0x1f0 ctl 0x3f6 bmdma 0xd000 irq 14
[    1.121348] ata2: PATA max UDMA/33 cmd 0x170 ctl 0x376 bmdma 0xd008 irq 15
[    1.131040] tun: Universal TUN/TAP device driver, 1.6
[    1.134897] PPP generic driver version 2.4.2
[    1.137960] ehci_hcd: USB 2.0 'Enhanced' Host Controller (EHCI) Driver
[    1.142273] ehci-pci: EHCI PCI platform driver
[    1.145981] ehci-platform: EHCI generic platform driver
[    1.150271] ohci_hcd: USB 1.1 'Open' Host Controller (OHCI) Driver
[    1.154233] ohci-pci: OHCI PCI platform driver
[    1.154233] ohci-platform: OHCI generic platform driver
[    1.161904] uhci_hcd: USB Universal Host Controller Interface driver
[    1.166696] i8042: PNP: PS/2 Controller [PNP0303:PS2K,PNP0f03:PS2M] at 0x60,0x64 irq 1,12
[    1.174973] serio: i8042 KBD port at 0x60,0x64 irq 1
[    1.179125] serio: i8042 AUX port at 0x60,0x64 irq 12
[    1.183129] mousedev: PS/2 mouse device common for all mice
[    1.188230] input: AT Translated Set 2 keyboard as /devices/platform/i8042/serio0/input/input2
[    1.196339] rtc_cmos rtc_cmos: rtc core: registered rtc_cmos as rtc0
[    1.200908] rtc_cmos rtc_cmos: alarms up to one day, 114 bytes nvram
[    1.204695] i2c /dev entries driver
[    1.204695] device-mapper: uevent: version 1.0.3
[    1.211055] device-mapper: ioctl: 4.37.0-ioctl (2017-09-20) initialised: dm-devel@redhat.com
[    1.216755] ledtrig-cpu: registered to indicate activity on CPUs
[    1.222669] NET: Registered protocol family 10
[    1.231716] Segment Routing with IPv6
[    1.235074] NET: Registered protocol family 17
[    1.238399] Key type dns_resolver registered
[    1.241636] mce: Using 0 MCE banks
[    1.244078] RAS: Correctable Errors collector initialized.
[    1.245535] sched_clock: Marking stable (1241535469, 0)->(1795690847, -554155378)
[    1.253482] registered taskstats version 1
[    1.257007] Loading compiled-in X.509 certificates
[    1.263694] Loaded X.509 cert 'Build time autogenerated kernel key: 6303a3b02fa1c7713b8a75ba7ba622fabd5dd271'
[    1.270634] Loaded X.509 cert 'Canonical Ltd. Live Patch Signing: 14df34d1a87cf37625abec039ef2bf521249b969'
[    1.277407] Loaded X.509 cert 'Canonical Ltd. Kernel Module Signing: 88f752e560a1e0737e31163a466ad7b70a850c19'
[    1.283293] blacklist: Loading compiled-in revocation X.509 certificates
[    1.287452] Loaded X.509 cert 'Canonical Ltd. Secure Boot Signing: 61482aa2830d0ab2ad5af10b7250da9033ddcef0'
[    1.307482] zswap: loaded using pool lzo/zbud
[    1.354361] Key type big_key registered
[    1.356957] Key type trusted registered
[    1.362449] Key type encrypted registered
[    1.365193] AppArmor: AppArmor sha1 policy hashing enabled
[    1.368972] ima: No TPM chip found, activating TPM-bypass! (rc=-19)
[    1.373008] ima: Allocated hash algorithm: sha1
[    1.375972] evm: HMAC attrs: 0x1
[    1.378864]   Magic number: 10:972:780
[    1.381938] rtc_cmos rtc_cmos: setting system clock to 2022-10-22 10:47:49 UTC (1666435669)
[    1.387881] BIOS EDD facility v0.16 2004-Jun-25, 0 devices found
[    1.391959] EDD information not available.
[    1.397517] Freeing unused kernel image memory: 2472K
[    1.420642] Write protecting the kernel read-only data: 20480k
[    1.431883] Freeing unused kernel image memory: 2008K
[    1.438969] Freeing unused kernel image memory: 1824K
[    1.450556] x86/mm: Checked W+X mappings: passed, no W+X pages found.
[    1.455757] x86/mm: Checking user space page tables
[    1.463760] x86/mm: Checked W+X mappings: passed, no W+X pages found.
Loading, please wait...
starting version 237
[    1.566084] e1000: Intel(R) PRO/1000 Network Driver - version 7.3.21-k8-NAPI
[    1.571980] e1000: Copyright (c) 1999-2006 Intel Corporation.
[    1.576365] Fusion MPT base driver 3.04.20
[    1.579957] Copyright (c) 1999-2008 LSI Corporation
[    1.609435] Fusion MPT SPI Host driver 3.04.20
[    1.625110] mptbase: ioc0: Initiating bringup
[    1.630949] AVX2 version of gcm_enc/dec engaged.
[    1.634444] AES CTR mode by8 optimization enabled
[    1.753054] ioc0: LSI53C1030 A0: Capabilities={Initiator}
[    1.821676] input: ImExPS/2 Generic Explorer Mouse as /devices/platform/i8042/serio1/input/input4
[    2.014221] scsi host2: ioc0: LSI53C1030 A0, FwRev=00000000h, Ports=1, MaxQ=256, IRQ=20
[    2.190219] scsi 2:0:0:0: Direct-Access     VBOX     HARDDISK         1.0  PQ: 0 ANSI: 5
[    2.232984] scsi target2:0:0: Beginning Domain Validation
[    2.265284] scsi target2:0:0: Domain Validation skipping write tests
[    2.269875] scsi target2:0:0: Ending Domain Validation
[    2.285247] scsi target2:0:0: asynchronous
[    2.288843] scsi 2:0:1:0: Direct-Access     VBOX     HARDDISK         1.0  PQ: 0 ANSI: 5
[    2.446999] scsi target2:0:1: Beginning Domain Validation
[    2.453690] scsi target2:0:1: Domain Validation skipping write tests
[    2.458260] scsi target2:0:1: Ending Domain Validation
[    2.461957] scsi target2:0:1: asynchronous
[    2.473082] sd 2:0:0:0: [sda] 83886080 512-byte logical blocks: (42.9 GB/40.0 GiB)
[    2.478760] sd 2:0:0:0: [sda] Write Protect is off
[    2.482866] sd 2:0:0:0: [sda] Incomplete mode parameter data
[    2.487484] sd 2:0:0:0: [sda] Assuming drive cache: write through
[    2.491657] sd 2:0:0:0: Attached scsi generic sg0 type 0
[    2.497041] sd 2:0:1:0: [sdb] 20480 512-byte logical blocks: (10.5 MB/10.0 MiB)
[    2.502446] sd 2:0:1:0: Attached scsi generic sg1 type 0
[    2.506427] sd 2:0:1:0: [sdb] Write Protect is off
[    2.511089] sd 2:0:1:0: [sdb] Incomplete mode parameter data
[    2.515742] sd 2:0:1:0: [sdb] Assuming drive cache: write through
[    2.519910]  sda: sda1
[    2.524313] sd 2:0:0:0: [sda] Attached SCSI disk
[    2.529542] sd 2:0:1:0: [sdb] Attached SCSI disk
[    2.739878] e1000 0000:00:03.0 eth0: (PCI:33MHz:32-bit) 02:ef:f7:70:2e:71
[    2.744290] e1000 0000:00:03.0 eth0: Intel(R) PRO/1000 Network Connection
[    2.750027] e1000 0000:00:03.0 enp0s3: renamed from eth0
Begin: Loading essential drivers ... [    4.749192] raid6: sse2x1   gen() 13084 MB/s
[    4.801352] raid6: sse2x1   xor()  7928 MB/s
[    4.852291] raid6: sse2x2   gen() 15783 MB/s
[    4.904256] raid6: sse2x2   xor() 10462 MB/s
[    4.952291] raid6: sse2x4   gen() 16306 MB/s
[    5.001306] raid6: sse2x4   xor() 11073 MB/s
[    5.052290] raid6: avx2x1   gen() 25798 MB/s
[    5.104104] raid6: avx2x1   xor() 15261 MB/s
[    5.156199] raid6: avx2x2   gen() 29887 MB/s
[    5.208644] raid6: avx2x2   xor() 20266 MB/s
[    5.260475] raid6: avx2x4   gen() 28083 MB/s
[    5.308239] raid6: avx2x4   xor() 18081 MB/s
[    5.312629] raid6: using algorithm avx2x2 gen() 29887 MB/s
[    5.316341] raid6: .... xor() 20266 MB/s, rmw enabled
[    5.319848] raid6: using avx2x2 recovery algorithm
[    5.325568] xor: automatically using best checksumming function   avx       
[    5.332500] async_tx: api initialized (async)
done.
Begin: Running /scripts/init-premount ... done.
Begin: Mounting root file system ... Begin: Running /scripts/local-top ... done.
Begin: Running /scripts/local-premount ... [    5.389962] Btrfs loaded, crc32c=crc32c-intel
Scanning for Btrfs filesystems
done.
Warning: fsck not present, so skipping root file system
[    5.431020] EXT4-fs (sda1): mounted filesystem with ordered data mode. Opts: (null)
done.
Begin: Running /scripts/local-bottom ... done.
Begin: Running /scripts/init-bottom ... done.
[    5.629564] ip_tables: (C) 2000-2006 Netfilter Core Team
[    5.642750] systemd[1]: systemd 237 running in system mode. (+PAM +AUDIT +SELINUX +IMA +APPARMOR +SMACK +SYSVINIT +UTMP +LIBCRYPTSETUP +GCRYPT +GNUTLS +ACL +XZ +LZ4 +SECCOMP +BLKID +ELFUTILS +KMOD -IDN2 +IDN -PCRE2 default-hierarchy=hybrid)
[    5.654858] systemd[1]: Detected virtualization oracle.
[    5.658370] systemd[1]: Detected architecture x86-64.

Welcome to [1mUbuntu 18.04.6 LTS[0m!

[    5.676566] systemd[1]: Set hostname to <ubuntu>.
[    5.682724] systemd[1]: Initializing machine ID from random generator.
[    5.686606] systemd[1]: Installed transient /etc/machine-id file.
[    5.989208] systemd[1]: Created slice User and Session Slice.
[[0;32m  OK  [0m] Created slice User and Session Slice.
[    5.996677] systemd[1]: Created slice System Slice.
[[0;32m  OK  [0m] Created slice System Slice.
[    6.002827] systemd[1]: Listening on Syslog Socket.
[[0;32m  OK  [0m] Listening on Syslog Socket.
[    6.009622] systemd[1]: Listening on LVM2 poll daemon socket.
[[0;32m  OK  [0m] Listening on LVM2 poll daemon socket.
[[0;32m  OK  [0m] Set up automount Arbitrary Executab…rmats File System Automount Point.
[[0;32m  OK  [0m] Listening on Network Service Netlink Socket.
[[0;32m  OK  [0m] Listening on /dev/initctl Compatibility Named Pipe.
[[0;32m  OK  [0m] Listening on udev Control Socket.
[[0;32m  OK  [0m] Created slice system-serial\x2dgetty.slice.
[[0;32m  OK  [0m] Listening on LVM2 metadata daemon socket.
[[0;32m  OK  [0m] Reached target Swap.
[[0;32m  OK  [0m] Reached target System Time Synchronized.
[[0;32m  OK  [0m] Listening on udev Kernel Socket.
[[0;32m  OK  [0m] Reached target User and Group Name Lookups.
[[0;32m  OK  [0m] Reached target Slices.
[[0;32m  OK  [0m] Listening on fsck to fsckd communication Socket.
[[0;32m  OK  [0m] Listening on Device-mapper event daemon FIFOs.
[[0;32m  OK  [0m] Started Forward Password Requests to Wall Directory Watch.
[[0;32m  OK  [0m] Listening on Journal Socket.
         Starting Load Kernel Modules...
         Mounting Huge Pages File System...
         Starting File System Check on Root Device...
         Starting Uncomplicated firewall...
         Mounting POSIX Message Queue File System...
[    6.112345] Loading iSCSI transport class v2.0-870.
         Starting Monitoring of LVM2 mirrors…ng dmeventd or progress polling...
         Starting udev Coldplug all Devices...
[    6.124328] iscsi: registered transport (tcp)
         Mounting Kernel Debug File System...
         Starting Set the console keyboard layout...
[[0;32m  OK  [0m] Listening on Journal Socket (/dev/log).
         Starting Create list of required st…ce nodes for the current kernel...
[[0;32m  OK  [0m] Listening on Journal Audit Socket.
         Starting Journal Service...
[[0;32m  OK  [0m] Started Uncomplicated firewall.
[[0;32m  OK  [0m] Mounted Huge Pages File System.
[[0;32m  OK  [0m] Mounted POSIX Message Queue File System.
[[0;32m  OK  [0m] Mounted Kernel Debug File System.
[[0;32m  OK  [0m] Started Create list of required sta…vice nodes for the current kernel.
[    6.256154] iscsi: registered transport (iser)
[[0;32m  OK  [0m] Started Load Kernel Modules.
[[0;32m  OK  [0m] Started LVM2 metadata daemon.
[[0;32m  OK  [0m] Started File System Check Daemon to report status.
         Mounting Kernel Configuration File System...
         Mounting FUSE Control File System...
         Starting Apply Kernel Variables...
         Starting Create Static Device Nodes in /dev...
[[0;32m  OK  [0m] Started udev Coldplug all Devices.
[[0;32m  OK  [0m] Mounted Kernel Configuration File System.
[[0;32m  OK  [0m] Mounted FUSE Control File System.
[[0;32m  OK  [0m] Started Journal Service.
[[0;32m  OK  [0m] Started File System Check on Root Device.
         Starting Remount Root and Kernel File Systems...
[[0;32m  OK  [0m] Started Create Static Device Nodes in /dev.
[[0;32m  OK  [0m] Started Monitoring of LVM2 mirrors,…sing dmeventd or progress polling.
[[0;32m  OK  [0m] Started Apply Kernel Variables.
[[0;32m  OK  [0m] Started Remount Root and Kernel File Systems.
         Starting Load/Save Random Seed...
         Starting Flush Journal to Persistent Storage...
         Starting udev Kernel Device Manager...
[[0;32m  OK  [0m] Started Load/Save Random Seed.
[[0;32m  OK  [0m] Started udev Kernel Device Manager.
[[0;32m  OK  [0m] Started Flush Journal to Persistent Storage.
[[0;32m  OK  [0m] Found device /dev/ttyS0.
[[0;32m  OK  [0m] Listening on Load/Save RF Kill Switch Status /dev/rfkill Watch.
[[0;32m  OK  [0m] Started Set the console keyboard layout.
[[0;32m  OK  [0m] Started Dispatch Password Requests to Console Directory Watch.
[[0;32m  OK  [0m] Reached target Local Encrypted Volumes.
[[0;32m  OK  [0m] Reached target Local File Systems (Pre).
[[0;32m  OK  [0m] Reached target Local File Systems.
         Starting Tell Plymouth To Write Out Runtime Data...
         Starting ebtables ruleset management...
         Starting AppArmor initialization...
         Starting Set console font and keymap...
         Starting Create Volatile Files and Directories...
         Starting Commit a transient machine-id on disk...
[[0;32m  OK  [0m] Started Tell Plymouth To Write Out Runtime Data.
[[0;32m  OK  [0m] Started Create Volatile Files and Directories.
         Starting Update UTMP about System Boot/Shutdown...
[[0;32m  OK  [0m] Started Update UTMP about System Boot/Shutdown.
[[0;32m  OK  [0m] Started Commit a transient machine-id on disk.
[[0;32m  OK  [0m] Started ebtables ruleset management.
[[0;32m  OK  [0m] Started AppArmor initialization.
         Starting Load AppArmor profiles managed internally by snapd...
         Starting Initial cloud-init job (pre-networking)...
[[0;32m  OK  [0m] Started Load AppArmor profiles managed internally by snapd.
[[0;32m  OK  [0m] Started Set console font and keymap.
[    9.378742] cloud-init[861]: Cloud-init v. 22.3.4-0ubuntu1~18.04.1 running 'init-local' at Sat, 22 Oct 2022 10:47:57 +0000. Up 9.05 seconds.
[[0;32m  OK  [0m] Started Initial cloud-init job (pre-networking).
[[0;32m  OK  [0m] Reached target Network (Pre).
         Starting Network Service...
[[0;32m  OK  [0m] Started Network Service.
         Starting Network Name Resolution...
         Starting Wait for Network to be Configured...
[[0;32m  OK  [0m] Started Network Name Resolution.
[[0;32m  OK  [0m] Reached target Host and Network Name Lookups.
[[0;32m  OK  [0m] Reached target Network.
[[0;32m  OK  [0m] Started Wait for Network to be Configured.
         Starting Initial cloud-init job (metadata service crawler)...
[   11.790329] cloud-init[998]: Cloud-init v. 22.3.4-0ubuntu1~18.04.1 running 'init' at Sat, 22 Oct 2022 10:47:59 +0000. Up 11.65 seconds.
[   11.793915] cloud-init[998]: ci-info: ++++++++++++++++++++++++++++++++++++++Net device info++++++++++++++++++++++++++++++++++++++
[   11.798798] cloud-init[998]: ci-info: +--------+------+----------------------------+---------------+--------+-------------------+
[   11.806559] cloud-init[998]: ci-info: | Device |  Up  |          Address           |      Mask     | Scope  |     Hw-Address    |
[   11.810810] cloud-init[998]: ci-info: +--------+------+----------------------------+---------------+--------+-------------------+
[   11.814721] cloud-init[998]: ci-info: | enp0s3 | True |         10.0.2.15          | 255.255.255.0 | global | 02:ef:f7:70:2e:71 |
[   11.818600] cloud-init[998]: ci-info: | enp0s3 | True | fe80::ef:f7ff:fe70:2e71/64 |       .       |  link  | 02:ef:f7:70:2e:71 |
[   11.822121] cloud-init[998]: ci-info: |   lo   | True |         127.0.0.1          |   255.0.0.0   |  host  |         .         |
[   11.825819] cloud-init[998]: ci-info: |   lo   | True |          ::1/128           |       .       |  host  |         .         |
[   11.829315] cloud-init[998]: ci-info: +--------+------+----------------------------+---------------+--------+-------------------+
[   11.833347] cloud-init[998]: ci-info: ++++++++++++++++++++++++++++Route IPv4 info+++++++++++++++++++++++++++++
[   11.836326] cloud-init[998]: ci-info: +-------+-------------+----------+-----------------+-----------+-------+
[   11.839533] cloud-init[998]: ci-info: | Route | Destination | Gateway  |     Genmask     | Interface | Flags |
[   11.842693] cloud-init[998]: ci-info: +-------+-------------+----------+-----------------+-----------+-------+
[   11.845910] cloud-init[998]: ci-info: |   0   |   0.0.0.0   | 10.0.2.2 |     0.0.0.0     |   enp0s3  |   UG  |
[   11.848910] cloud-init[998]: ci-info: |   1   |   10.0.2.0  | 0.0.0.0  |  255.255.255.0  |   enp0s3  |   U   |
[   11.852260] cloud-init[998]: ci-info: |   2   |   10.0.2.2  | 0.0.0.0  | 255.255.255.255 |   enp0s3  |   UH  |
[   11.855143] cloud-init[998]: ci-info: +-------+-------------+----------+-----------------+-----------+-------+
[   11.858206] cloud-init[998]: ci-info: +++++++++++++++++++Route IPv6 info+++++++++++++++++++
[   11.860914] cloud-init[998]: ci-info: +-------+-------------+---------+-----------+-------+
[   11.863311] cloud-init[998]: ci-info: | Route | Destination | Gateway | Interface | Flags |
[   11.865979] cloud-init[998]: ci-info: +-------+-------------+---------+-----------+-------+
[   11.868663] cloud-init[998]: ci-info: |   1   |  fe80::/64  |    ::   |   enp0s3  |   U   |
[   11.871150] cloud-init[998]: ci-info: |   3   |    local    |    ::   |   enp0s3  |   U   |
[   11.873644] cloud-init[998]: ci-info: |   4   |   ff00::/8  |    ::   |   enp0s3  |   U   |
[   11.876016] cloud-init[998]: ci-info: +-------+-------------+---------+-----------+-------+
[   12.546416] cloud-init[998]: Generating public/private rsa key pair.
[   12.548442] cloud-init[998]: Your identification has been saved in /etc/ssh/ssh_host_rsa_key.
[   12.551994] cloud-init[998]: Your public key has been saved in /etc/ssh/ssh_host_rsa_key.pub.
[   12.554820] cloud-init[998]: The key fingerprint is:
[   12.556691] cloud-init[998]: SHA256:AdtO22aCaOZTRI1LZlKSHDfj1M5uERdYD0vt9ix0PgU root@ubuntu-bionic
[   12.560181] cloud-init[998]: The key's randomart image is:
[   12.561913] cloud-init[998]: +---[RSA 2048]----+
[   12.563374] cloud-init[998]: |   .o+O+ o=o     |
[   12.564924] cloud-init[998]: |    +*=*=..+. E  |
[   12.566397] cloud-init[998]: |     =+++o...  . |
[   12.568087] cloud-init[998]: |     o.+++  + . .|
[   12.569879] cloud-init[998]: |    + o.S.+o = . |
[   12.571671] cloud-init[998]: |   + .  o+  . =  |
[   12.573368] cloud-init[998]: |    o  .     . . |
[   12.575020] cloud-init[998]: |     .           |
[   12.576838] cloud-init[998]: |                 |
[   12.578460] cloud-init[998]: +----[SHA256]-----+
[   12.580277] cloud-init[998]: Generating public/private dsa key pair.
[   12.582427] cloud-init[998]: Your identification has been saved in /etc/ssh/ssh_host_dsa_key.
[   12.585287] cloud-init[998]: Your public key has been saved in /etc/ssh/ssh_host_dsa_key.pub.
[   12.587968] cloud-init[998]: The key fingerprint is:
[   12.589853] cloud-init[998]: SHA256:/pk8oLAu6wlZSXUxKygWLiT1vit9U+QBWKQWSCttknc root@ubuntu-bionic
[   12.592822] cloud-init[998]: The key's randomart image is:
[   12.594705] cloud-init[998]: +---[DSA 1024]----+
[   12.596473] cloud-init[998]: |.=o.o+*.         |
[   12.598152] cloud-init[998]: |+oo=.+.o         |
[   12.599856] cloud-init[998]: |*oB E ..         |
[   12.601624] cloud-init[998]: |oB = .  o        |
[   12.603306] cloud-init[998]: |  o .  oS.       |
[   12.605111] cloud-init[998]: | o  .. .+        |
[   12.606803] cloud-init[998]: |o  ..o o..       |
[   12.608566] cloud-init[998]: | .o.o.+  o.o     |
[   12.610291] cloud-init[998]: | .+=o. .  =.     |
[   12.612064] cloud-init[998]: +----[SHA256]-----+
[   12.613724] cloud-init[998]: Generating public/private ecdsa key pair.
[   12.615981] cloud-init[998]: Your identification has been saved in /etc/ssh/ssh_host_ecdsa_key.
[   12.619010] cloud-init[998]: Your public key has been saved in /etc/ssh/ssh_host_ecdsa_key.pub.
[   12.621911] cloud-init[998]: The key fingerprint is:
[   12.623627] cloud-init[998]: SHA256:nwgU8n9TOleHNw/5vK7+mIBtQk6/d/mB5lYHwUkOGXw root@ubuntu-bionic
[   12.626704] cloud-init[998]: The key's randomart image is:
[   12.628418] cloud-init[998]: +---[ECDSA 256]---+
[   12.630464] cloud-init[998]: |    . .    .o=.. |
[   12.632182] cloud-init[998]: |     o .    ooEo |
[   12.633850] cloud-init[998]: |      o     ..*oo|
[   12.635734] cloud-init[998]: |     . .   o ..*o|
[   12.637606] cloud-init[998]: |      . So= .  .+|
[   12.639317] cloud-init[998]: |       .+++=  ..o|
[   12.640962] cloud-init[998]: |        .+o= o.oo|
[   12.642891] cloud-init[998]: |          o =o+o.|
[   12.644740] cloud-init[998]: |           .+*+oo|
[   12.646530] cloud-init[998]: +----[SHA256]-----+
[   12.648511] cloud-init[998]: Generating public/private ed25519 key pair.
[   12.651052] cloud-init[998]: Your identification has been saved in /etc/ssh/ssh_host_ed25519_key.
[   12.653996] cloud-init[998]: Your public key has been saved in /etc/ssh/ssh_host_ed25519_key.pub.
[   12.657422] cloud-init[998]: The key fingerprint is:
[   12.659183] cloud-init[998]: SHA256:EnAO6BlXIRnZ0+blQNaWgD/Ouq79oWDEwsr5Cv7oVEA root@ubuntu-bionic
[   12.662409] cloud-init[998]: The key's randomart image is:
[   12.664274] cloud-init[998]: +--[ED25519 256]--+
[   12.666086] cloud-init[998]: | E .=*+=+o .     |
[   12.667681] cloud-init[998]: |. o +*+.+ =      |
[   12.669440] cloud-init[998]: | o +  o= =       |
[   12.671249] cloud-init[998]: | .+.   .+ .      |
[   12.672982] cloud-init[998]: |  o.o .oS.       |
[   12.674889] cloud-init[998]: |..oo   .o        |
[   12.676467] cloud-init[998]: |o+  o  ..        |
[   12.677888] cloud-init[998]: |+ o. o.. .       |
[   12.679369] cloud-init[998]: |.=oo.o=o.        |
[   12.681038] cloud-init[998]: +----[SHA256]-----+
[[0;32m  OK  [0m] Started Initial cloud-init job (metadata service crawler).
[[0;32m  OK  [0m] Reached target Network is Online.
         Starting Availability of block devices...
[[0;32m  OK  [0m] Reached target Remote File Systems (Pre).
[[0;32m  OK  [0m] Reached target Remote File Systems.
[[0;32m  OK  [0m] Reached target System Initialization.
[[0;32m  OK  [0m] Listening on ACPID Listen Socket.
[[0;32m  OK  [0m] Started Daily Cleanup of Temporary Directories.
[[0;32m  OK  [0m] Started Daily apt download activities.
[[0;32m  OK  [0m] Started Daily apt upgrade and clean activities.
[[0;32m  OK  [0m] Listening on cloud-init hotplug hook socket.
[[0;32m  OK  [0m] Started Ubuntu Advantage Timer for running repeated jobs.
         Starting LXD - unix socket.
[[0;32m  OK  [0m] Started Discard unused blocks once a week.
         Starting Socket activation for snappy daemon.
[[0;32m  OK  [0m] Started Message of the Day.
[[0;32m  OK  [0m] Reached target Timers.
[[0;32m  OK  [0m] Listening on Open-iSCSI iscsid Socket.
[[0;32m  OK  [0m] Started ACPI Events Check.
[[0;32m  OK  [0m] Listening on UUID daemon activation socket.
[[0;32m  OK  [0m] Listening on D-Bus System Message Bus Socket.
[[0;32m  OK  [0m] Reached target Paths.
[[0;32m  OK  [0m] Reached target Cloud-config availability.
[[0;32m  OK  [0m] Started Availability of block devices.
[[0;32m  OK  [0m] Listening on LXD - unix socket.
[[0;32m  OK  [0m] Listening on Socket activation for snappy daemon.
[[0;32m  OK  [0m] Reached target Sockets.
[[0;32m  OK  [0m] Reached target Basic System.
         Starting Accounts Service...
[[0;32m  OK  [0m] Started Regular background program processing daemon.
         Starting Virtualbox guest utils...
[[0;32m  OK  [0m] Started irqbalance daemon.
         Starting LSB: Record successful boot for GRUB...
[[0;32m  OK  [0m] Started D-Bus System Message Bus.
[[0;32m  OK  [0m] Started Deferred execution scheduler.
         Starting System Logging Service...
         Starting Login Service...
         Starting LSB: automatic crash report generation...
         Starting Dispatcher daemon for systemd-networkd...
         Starting Permit User Sessions...
[[0;32m  OK  [0m] Started FUSE filesystem for LXC.
         Starting Pollinate to seed the pseudo random number generator...
         Starting Snap Daemon...
         Starting LXD - container startup/shutdown...
[[0;32m  OK  [0m] Started Permit User Sessions.
[[0;32m  OK  [0m] Started System Logging Service.
[[0;32m  OK  [0m] Started Login Service.
[[0;32m  OK  [0m] Started Unattended Upgrades Shutdown.
         Starting Authorization Manager...
         Starting Terminate Plymouth Boot Screen...
         Starting Hold until boot process finishes up...
[[0;32m  OK  [0m] Started Hold until boot process finishes up.
         Starting Set console scheme...
[[0;32m  OK  [0m] Started Serial Getty on ttyS0.
[[0;32m  OK  [0m] Started Terminate Plymouth Boot Screen.
[[0;32m  OK  [0m] Started Authorization Manager.
[[0;32m  OK  [0m] Started Accounts Service.
[[0;32m  OK  [0m] Started Set console scheme.
[[0;32m  OK  [0m] Created slice system-getty.slice.
[[0;32m  OK  [0m] Started Getty on tty1.
[[0;32m  OK  [0m] Reached target Login Prompts.
[[0;32m  OK  [0m] Started LSB: automatic crash report generation.
[[0;32m  OK  [0m] Started Dispatcher daemon for systemd-networkd.
[[0;32m  OK  [0m] Started Virtualbox guest utils.
[[0;32m  OK  [0m] Started LSB: Record successful boot for GRUB.
[[0;32m  OK  [0m] Started LXD - container startup/shutdown.
[[0;32m  OK  [0m] Started Snap Daemon.
         Starting Wait until snapd is fully seeded...
         Starting Time & Date Service...
[[0;32m  OK  [0m] Started Time & Date Service.
[[0;32m  OK  [0m] Started Pollinate to seed the pseudo random number generator.
         Starting OpenBSD Secure Shell server...
[[0;32m  OK  [0m] Started OpenBSD Secure Shell server.
[[0;32m  OK  [0m] Created slice User Slice of vagrant.
         Starting User Manager for UID 1000...
[[0;32m  OK  [0m] Started Session 1 of user vagrant.
[[0;32m  OK  [0m] Started User Manager for UID 1000.
[[0;32m  OK  [0m] Started Wait until snapd is fully seeded.
         Starting Apply the settings specified in cloud-config...
[   16.836262] cloud-init[1619]: Cloud-init v. 22.3.4-0ubuntu1~18.04.1 running 'modules:config' at Sat, 22 Oct 2022 10:48:04 +0000. Up 16.14 seconds.
[[0;32m  OK  [0m] Started Apply the settings specified in cloud-config.
[[0;32m  OK  [0m] Reached target Multi-User System.
[[0;32m  OK  [0m] Reached target Graphical Interface.
         Starting Update UTMP about System Runlevel Changes...
         Starting Execute cloud user/final scripts...
[[0;32m  OK  [0m] Started Update UTMP about System Runlevel Changes.
ci-info: no authorized SSH keys fingerprints found for user ubuntu.
<14>Oct 22 10:48:05 cloud-init: #############################################################
<14>Oct 22 10:48:05 cloud-init: -----BEGIN SSH HOST KEY FINGERPRINTS-----
<14>Oct 22 10:48:05 cloud-init: 1024 SHA256:/pk8oLAu6wlZSXUxKygWLiT1vit9U+QBWKQWSCttknc root@ubuntu-bionic (DSA)
<14>Oct 22 10:48:05 cloud-init: 256 SHA256:nwgU8n9TOleHNw/5vK7+mIBtQk6/d/mB5lYHwUkOGXw root@ubuntu-bionic (ECDSA)
<14>Oct 22 10:48:05 cloud-init: 256 SHA256:EnAO6BlXIRnZ0+blQNaWgD/Ouq79oWDEwsr5Cv7oVEA root@ubuntu-bionic (ED25519)
<14>Oct 22 10:48:05 cloud-init: 2048 SHA256:AdtO22aCaOZTRI1LZlKSHDfj1M5uERdYD0vt9ix0PgU root@ubuntu-bionic (RSA)
<14>Oct 22 10:48:05 cloud-init: -----END SSH HOST KEY FINGERPRINTS-----
<14>Oct 22 10:48:05 cloud-init: #############################################################
-----BEGIN SSH HOST KEY KEYS-----
ecdsa-sha2-nistp256 AAAAE2VjZHNhLXNoYTItbmlzdHAyNTYAAAAIbmlzdHAyNTYAAABBBFqbpQDBZWTSWCDs7pk67dRgX9BKPDL11KxJsjQB6XyCB3DU/btqMZCtOaHjMGu1carkkblCfoQ8zHaqzUOBYgU= root@ubuntu-bionic
ssh-ed25519 AAAAC3NzaC1lZDI1NTE5AAAAICd8Kh0EeNMrpMOtC5cKfqXrcGf8yemEju2bx+tt+pM3 root@ubuntu-bionic
ssh-rsa AAAAB3NzaC1yc2EAAAADAQABAAABAQC659ZZ+93pn6zVIFTVI2qyzPWUQO7Uw8XgCRGOkx6/ybsCaZy+KIpTW7fPpyKd0HoHSE7UUV8navWWw5QnXNyQlUtwMCFts9neLjXqWC0wOxR4PrdDtDwmIaI3qV3hVdm322X+UwyPbU5a1i80pCAt9i1fK8KTnHu7/zlQFtmUJnZncSArwsBtMuaeCaC7Dyth/LZME8fywxJGDUl1XXj1xUx8D3FaeQxCUWs0v/+dWU20Q99iT6Jpdh1Yy5Cu9XBrMvG6exaQW+DlMG2pTRLTmR1hwjattAFcrVFJLwAHvcgVpIVDE4QaEDxtsOt1Z9NfWwbr0hlSnenIhlJqZ7GD root@ubuntu-bionic
-----END SSH HOST KEY KEYS-----
[   17.667498] cloud-init[1717]: Cloud-init v. 22.3.4-0ubuntu1~18.04.1 running 'modules:final' at Sat, 22 Oct 2022 10:48:05 +0000. Up 17.41 seconds.
[   17.671304] cloud-init[1717]: Cloud-init v. 22.3.4-0ubuntu1~18.04.1 finished at Sat, 22 Oct 2022 10:48:05 +0000. Datasource DataSourceNoCloud [seed=/dev/sdb][dsmode=net].  Up 17.66 seconds
[[0;32m  OK  [0m] Started Execute cloud user/final scripts.
[[0;32m  OK  [0m] Reached target Cloud-init target.

Ubuntu 18.04.6 LTS ubuntu-bionic ttyS0

ubuntu-bionic login: [11003.529797] e1000 0000:00:03.0 enp0s3: Reset adapter
